<?xml version="1.0" encoding="UTF-8"?>
<testng-results total="0" passed="0" failed="0" skipped="0">
  <reporter-output>
  </reporter-output>
  <suite started-at="2020-12-05T13:09:19Z" name="org.automation.testrunner.TestRunner" finished-at="2020-12-05T13:09:19Z" duration-ms="2">
    <groups>
    </groups>
    <test started-at="2020-12-05T13:09:19Z" name="Command line test" finished-at="2020-12-05T13:09:19Z" duration-ms="2">
    </test> <!-- Command line test -->
  </suite> <!-- org.automation.testrunner.TestRunner -->
</testng-results>
